Build started 10/21/2015 4:42:05 PM.
     1>Project "C:\Users\gamee\documents\visual studio 2015\Projects\RealityCpp\RealityCpp\RealityCpp.vcxproj" on node 2 (Build target(s)).
     1>ClCompile:
         C:\Program Files (x86)\Microsoft Visual Studio 14.0\VC\bin\CL.exe /c /I"C:\Users\gamee\documents\visual studio 2015\Projects\RealityCpp\sfml/include" /Zi /nologo /W3 /WX- /sdl /O2 /Oi /Oy- /GL /D _MBCS /Gm- /EHsc /MD /GS /Gy /fp:precise /Zc:wchar_t /Zc:forScope /Zc:inline /Fo"Release\\" /Fd"Release\vc140.pdb" /Gd /TP /analyze- /errorReport:prompt FurnaceBlock.cpp FurnaceItem.cpp Main.cpp
         FurnaceBlock.cpp
         FurnaceItem.cpp
         Main.cpp
       Link:
         C:\Program Files (x86)\Microsoft Visual Studio 14.0\VC\bin\link.exe /ERRORREPORT:PROMPT /OUT:"C:\Users\gamee\documents\visual studio 2015\Projects\RealityCpp\Release\RealityCpp.exe" /NOLOGO /LIBPATH:"C:\Users\gamee\documents\visual studio 2015\Projects\RealityCpp\sfml/lib" "sfml-system.lib" "sfml-window.lib" "sfml-graphics.lib" kernel32.lib user32.lib gdi32.lib winspool.lib comdlg32.lib advapi32.lib shell32.lib ole32.lib oleaut32.lib uuid.lib odbc32.lib odbccp32.lib kernel32.lib user32.lib gdi32.lib winspool.lib comdlg32.lib advapi32.lib shell32.lib ole32.lib oleaut32.lib uuid.lib odbc32.lib odbccp32.lib /MANIFEST /MANIFESTUAC:"level='asInvoker' uiAccess='false'" /manifest:embed /Debug /PDB:"C:\Users\gamee\documents\visual studio 2015\Projects\RealityCpp\Release\RealityCpp.pdb" /OPT:REF /OPT:ICF /LTCG:incremental /TLBID:1 /DYNAMICBASE /NXCOMPAT /IMPLIB:"C:\Users\gamee\documents\visual studio 2015\Projects\RealityCpp\Release\RealityCpp.lib" /MACHINE:X86 /SAFESEH Release\FurnaceBlock.obj
         Release\FurnaceItem.obj
         Release\Main.obj
         Generating code
         2 of 4 functions (50.0%) were compiled, the rest were copied from previous compilation.
           0 functions were new in current compilation
           0 functions had inline decision re-evaluated but remain unchanged
         Finished generating code
         RealityCpp.vcxproj -> C:\Users\gamee\documents\visual studio 2015\Projects\RealityCpp\Release\RealityCpp.exe
     1>Done Building Project "C:\Users\gamee\documents\visual studio 2015\Projects\RealityCpp\RealityCpp\RealityCpp.vcxproj" (Build target(s)).

Build succeeded.

Time Elapsed 00:00:24.44
